Started GET "/" for 127.0.0.1 at 2023-12-14 12:01:52 +0100
  [1m[35m (2.1ms)[0m  [1m[35mCREATE TABLE "schema_migrations" ("version" varchar NOT NULL PRIMARY KEY)[0m
  [1m[35m (0.2ms)[0m  [1m[35mCREATE TABLE "ar_internal_metadata" ("key" varchar NOT NULL PRIMARY KEY, "value" varchar, "created_at" datetime(6) NOT NULL, "updated_at" datetime(6) NOT NULL)[0m
  [1m[36mActiveRecord::SchemaMigration Load (0.1ms)[0m  [1m[34mSELECT "schema_migrations"."version" FROM "schema_migrations" ORDER BY "schema_migrations"."version" ASC[0m
Processing by Rails::WelcomeController#index as HTML
  Rendering C:/Ruby32-x64/lib/ruby/gems/3.2.0/gems/railties-7.1.2/lib/rails/templates/rails/welcome/index.html.erb
  Rendered C:/Ruby32-x64/lib/ruby/gems/3.2.0/gems/railties-7.1.2/lib/rails/templates/rails/welcome/index.html.erb (Duration: 0.9ms | Allocations: 376)
Completed 200 OK in 284ms (Views: 68.0ms | ActiveRecord: 0.0ms | Allocations: 8765)


Started GET "/" for 127.0.0.1 at 2023-12-14 12:06:03 +0100
  [1m[36mActiveRecord::SchemaMigration Load (0.1ms)[0m  [1m[34mSELECT "schema_migrations"."version" FROM "schema_migrations" ORDER BY "schema_migrations"."version" ASC[0m
Processing by HomeController#index as HTML
  Rendering layout layouts/application.html.erb
  Rendering home/index.html.erb within layouts/application
  Rendered home/index.html.erb within layouts/application (Duration: 0.3ms | Allocations: 187)
  Rendered layout layouts/application.html.erb (Duration: 385.6ms | Allocations: 79263)
Completed 500 Internal Server Error in 398ms (ActiveRecord: 0.0ms | Allocations: 83827)


  
ActionView::Template::Error (Permission denied @ rb_file_s_rename - (I:/TaskList/tmp/cache/assets/sprockets/v4.0.0/u3/u3XO5NtQ8dupePvvsv2Vl5esXfnuRpH2xD4KGxa5qB8.cache.21560.15416.127793, I:/TaskList/tmp/cache/assets/sprockets/v4.0.0/u3/u3XO5NtQ8dupePvvsv2Vl5esXfnuRpH2xD4KGxa5qB8.cache)):
  
sprockets (4.2.1) lib/sprockets/path_utils.rb:362:in `rename'
sprockets (4.2.1) lib/sprockets/path_utils.rb:362:in `atomic_write'
sprockets (4.2.1) lib/sprockets/cache/file_store.rb:112:in `set'
sprockets (4.2.1) lib/sprockets/cache.rb:227:in `set'
sprockets (4.2.1) lib/sprockets/cache.rb:143:in `set'
sprockets (4.2.1) lib/sprockets/loader.rb:265:in `store_asset'
sprockets (4.2.1) lib/sprockets/loader.rb:228:in `load_from_unloaded'
sprockets (4.2.1) lib/sprockets/loader.rb:59:in `block in load'
sprockets (4.2.1) lib/sprockets/loader.rb:339:in `fetch_asset_from_dependency_cache'
sprockets (4.2.1) lib/sprockets/loader.rb:43:in `load'
sprockets (4.2.1) lib/sprockets/cached_environment.rb:44:in `block in load'
concurrent-ruby (1.2.2) lib/concurrent-ruby/concurrent/map.rb:207:in `block in fetch_or_store'
concurrent-ruby (1.2.2) lib/concurrent-ruby/concurrent/map.rb:187:in `fetch'
concurrent-ruby (1.2.2) lib/concurrent-ruby/concurrent/map.rb:206:in `fetch_or_store'
sprockets (4.2.1) lib/sprockets/cached_environment.rb:44:in `load'
sprockets (4.2.1) lib/sprockets/base.rb:81:in `find_asset'
sprockets (4.2.1) lib/sprockets/base.rb:88:in `find_all_linked_assets'
sprockets (4.2.1) lib/sprockets/manifest.rb:125:in `each'
sprockets (4.2.1) lib/sprockets/manifest.rb:125:in `to_a'
sprockets (4.2.1) lib/sprockets/manifest.rb:125:in `block (2 levels) in find'
concurrent-ruby (1.2.2) lib/concurrent-ruby/concurrent/executor/safe_task_executor.rb:24:in `block in execute'
concurrent-ruby (1.2.2) lib/concurrent-ruby/concurrent/synchronization/mutex_lockable_object.rb:48:in `block in synchronize'
concurrent-ruby (1.2.2) lib/concurrent-ruby/concurrent/synchronization/mutex_lockable_object.rb:48:in `synchronize'
concurrent-ruby (1.2.2) lib/concurrent-ruby/concurrent/synchronization/mutex_lockable_object.rb:48:in `synchronize'
concurrent-ruby (1.2.2) lib/concurrent-ruby/concurrent/executor/safe_task_executor.rb:22:in `execute'
concurrent-ruby (1.2.2) lib/concurrent-ruby/concurrent/promise.rb:564:in `block in realize'
concurrent-ruby (1.2.2) lib/concurrent-ruby/concurrent/executor/ruby_thread_pool_executor.rb:352:in `run_task'
concurrent-ruby (1.2.2) lib/concurrent-ruby/concurrent/executor/ruby_thread_pool_executor.rb:343:in `block (3 levels) in create_worker'
concurrent-ruby (1.2.2) lib/concurrent-ruby/concurrent/executor/ruby_thread_pool_executor.rb:334:in `loop'
concurrent-ruby (1.2.2) lib/concurrent-ruby/concurrent/executor/ruby_thread_pool_executor.rb:334:in `block (2 levels) in create_worker'
concurrent-ruby (1.2.2) lib/concurrent-ruby/concurrent/executor/ruby_thread_pool_executor.rb:333:in `catch'
concurrent-ruby (1.2.2) lib/concurrent-ruby/concurrent/executor/ruby_thread_pool_executor.rb:333:in `block in create_worker'
Started GET "/" for 127.0.0.1 at 2023-12-14 12:07:43 +0100
  [1m[36mActiveRecord::SchemaMigration Load (0.1ms)[0m  [1m[34mSELECT "schema_migrations"."version" FROM "schema_migrations" ORDER BY "schema_migrations"."version" ASC[0m
Processing by HomeController#index as HTML
  Rendering layout layouts/application.html.erb
  Rendering home/index.html.erb within layouts/application
  Rendered home/index.html.erb within layouts/application (Duration: 0.3ms | Allocations: 187)
  Rendered layout layouts/application.html.erb (Duration: 86.1ms | Allocations: 25581)
Completed 200 OK in 100ms (Views: 91.5ms | ActiveRecord: 0.0ms | Allocations: 30191)


Started GET "/" for 127.0.0.1 at 2023-12-14 12:09:04 +0100
Processing by HomeController#index as HTML
  Rendering layout layouts/application.html.erb
  Rendering home/index.html.erb within layouts/application
  Rendered home/index.html.erb within layouts/application (Duration: 0.3ms | Allocations: 145)
  Rendered layout layouts/application.html.erb (Duration: 50.1ms | Allocations: 4443)
Completed 200 OK in 57ms (Views: 52.1ms | ActiveRecord: 0.0ms | Allocations: 5345)


Started GET "/tasks/new" for 127.0.0.1 at 2023-12-14 12:09:10 +0100
  
ActionController::RoutingError (No route matches [GET] "/tasks/new"):
  
Started GET "/" for 127.0.0.1 at 2023-12-14 12:16:08 +0100
Processing by HomeController#index as HTML
  Rendering layout layouts/application.html.erb
  Rendering home/index.html.erb within layouts/application
  Rendered home/index.html.erb within layouts/application (Duration: 0.3ms | Allocations: 100)
  Rendered layout layouts/application.html.erb (Duration: 3.3ms | Allocations: 1518)
Completed 200 OK in 13ms (Views: 10.0ms | ActiveRecord: 0.0ms | Allocations: 2420)


Started GET "/" for 127.0.0.1 at 2023-12-14 12:16:09 +0100
Processing by HomeController#index as HTML
  Rendering layout layouts/application.html.erb
  Rendering home/index.html.erb within layouts/application
  Rendered home/index.html.erb within layouts/application (Duration: 0.0ms | Allocations: 7)
  Rendered layout layouts/application.html.erb (Duration: 10.4ms | Allocations: 1133)
Completed 200 OK in 11ms (Views: 10.9ms | ActiveRecord: 0.0ms | Allocations: 1389)


Started GET "/" for 127.0.0.1 at 2023-12-14 12:19:37 +0100
Processing by HomeController#index as HTML
  Rendering layout layouts/application.html.erb
  Rendering home/index.html.erb within layouts/application
  Rendered home/index.html.erb within layouts/application (Duration: 0.3ms | Allocations: 100)
  Rendered layout layouts/application.html.erb (Duration: 2.7ms | Allocations: 1500)
Completed 200 OK in 8ms (Views: 5.0ms | ActiveRecord: 0.0ms | Allocations: 2399)


Started GET "/home/addTask" for 127.0.0.1 at 2023-12-14 12:19:38 +0100
Processing by HomeController#addTask as HTML
  Rendering layout layouts/application.html.erb
  Rendering home/addTask.html.erb within layouts/application
  Rendered home/addTask.html.erb within layouts/application (Duration: 0.7ms | Allocations: 1353)
  Rendered layout layouts/application.html.erb (Duration: 1.0ms | Allocations: 1438)
Completed 500 Internal Server Error in 9ms (ActiveRecord: 0.0ms | Allocations: 1751)


  
ActionView::Template::Error (First argument in form cannot contain nil or be empty):
    1: <h1>Ajouter une tâche</h1>
    2: 
    3:     <%= form_for(@task) do |f| %>
    4:       <div class="field">
    5:         <%= f.label :title, "Titre" %>
    6:         <%= f.text_field :title %>
  
app/views/home/addTask.html.erb:3
Started GET "/home/addTask" for 127.0.0.1 at 2023-12-14 12:20:05 +0100
Processing by HomeController#addTask as HTML
  Rendering layout layouts/application.html.erb
  Rendering home/addTask.html.erb within layouts/application
  Rendered home/addTask.html.erb within layouts/application (Duration: 0.2ms | Allocations: 969)
  Rendered layout layouts/application.html.erb (Duration: 0.3ms | Allocations: 1054)
Completed 500 Internal Server Error in 1ms (ActiveRecord: 0.0ms | Allocations: 1286)


  
ActionView::Template::Error (First argument in form cannot contain nil or be empty):
    1: <h1>Ajouter une tâche</h1>
    2: 
    3:     <%= form_for(@task) do |f| %>
    4:       <div class="field">
    5:         <%= f.label :title, "Titre" %>
    6:         <%= f.text_field :title %>
  
app/views/home/addTask.html.erb:3
Started GET "/home/addTask" for 127.0.0.1 at 2023-12-14 12:20:26 +0100
Processing by HomeController#addTask as HTML
Completed 500 Internal Server Error in 0ms (ActiveRecord: 0.0ms | Allocations: 443)


  
NameError (uninitialized constant HomeController::Task):
  
app/controllers/home_controller.rb:6:in `addTask'
Started GET "/home/addTask" for 127.0.0.1 at 2023-12-14 12:21:00 +0100
Processing by HomeController#addTask as HTML
  Rendering layout layouts/application.html.erb
  Rendering home/addTask.html.erb within layouts/application
  Rendered home/addTask.html.erb within layouts/application (Duration: 0.6ms | Allocations: 1230)
  Rendered layout layouts/application.html.erb (Duration: 0.9ms | Allocations: 1316)
Completed 500 Internal Server Error in 11ms (ActiveRecord: 0.0ms | Allocations: 2194)


  
ActionView::Template::Error (undefined local variable or method `f' for #<ActionView::Base:0x0000000001b328>):
    1: <h1>Ajouter une tâche</h1>
    2: <div class="field">
    3:     <%= f.label :title, "Titre" %>
    4:     <%= f.text_field :title %>
    5: </div>
    6: 
  
app/views/home/addTask.html.erb:3
Started GET "/home/addTask" for 127.0.0.1 at 2023-12-14 12:21:15 +0100
Processing by HomeController#addTask as HTML
  Rendering layout layouts/application.html.erb
  Rendering home/addTask.html.erb within layouts/application
  Rendered home/addTask.html.erb within layouts/application (Duration: 0.7ms | Allocations: 1321)
  Rendered layout layouts/application.html.erb (Duration: 0.9ms | Allocations: 1407)
Completed 500 Internal Server Error in 5ms (ActiveRecord: 0.0ms | Allocations: 2285)


  
ActionView::Template::Error (First argument in form cannot contain nil or be empty):
    1: <h1>Ajouter une tâche</h1>
    2: 
    3:     <%= form_for(@task) do |f| %>
    4:       <div class="field">
    5:         <%= f.label :title, "Titre" %>
    6:         <%= f.text_field :title %>
  
app/views/home/addTask.html.erb:3
Started GET "/home/addTask" for 127.0.0.1 at 2023-12-14 12:21:31 +0100
Processing by HomeController#addTask as HTML
Completed 500 Internal Server Error in 1ms (ActiveRecord: 0.0ms | Allocations: 435)


  
NameError (uninitialized constant HomeController::Task):
  
app/controllers/home_controller.rb:6:in `addTask'
Started GET "/home/addTask" for 127.0.0.1 at 2023-12-14 12:23:35 +0100
Processing by HomeController#addTask as HTML
Completed 500 Internal Server Error in 50ms (ActiveRecord: 1.2ms | Allocations: 9652)


  
ActiveRecord::StatementInvalid (Could not find table 'tasks'):
  
app/controllers/home_controller.rb:6:in `addTask'
Started GET "/home/addTask" for 127.0.0.1 at 2023-12-14 12:25:22 +0100
Processing by HomeController#addTask as HTML
  Rendering layout layouts/application.html.erb
  Rendering home/addTask.html.erb within layouts/application
  Rendered home/addTask.html.erb within layouts/application (Duration: 0.5ms | Allocations: 1036)
  Rendered layout layouts/application.html.erb (Duration: 0.7ms | Allocations: 1122)
Completed 500 Internal Server Error in 6ms (ActiveRecord: 0.0ms | Allocations: 2002)


  
ActionView::Template::Error (undefined local variable or method `f' for #<ActionView::Base:0x00000000028cf8>):
    1: <h1>Ajouter une tâche</h1>
    2: <div class="field">
    3:     <h2> "Titre" </h2>
    4:     <%= f.text_field :title %>
    5: </div>
  
app/views/home/addTask.html.erb:4
Started GET "/home/addTask" for 127.0.0.1 at 2023-12-14 12:25:57 +0100
Processing by HomeController#addTask as HTML
  Rendering layout layouts/application.html.erb
  Rendering home/addTask.html.erb within layouts/application
  Rendered home/addTask.html.erb within layouts/application (Duration: 0.5ms | Allocations: 1102)
  Rendered layout layouts/application.html.erb (Duration: 0.8ms | Allocations: 1196)
Completed 500 Internal Server Error in 9ms (ActiveRecord: 0.0ms | Allocations: 2108)


  
ActionView::SyntaxErrorInTemplate (Encountered a syntax error while rendering template: check <h1>Ajouter une tâche</h1>
<div class="field">
    <h2> "Titre" </h2>
    # Add a form field to enter a title
    <%= form_with url: "/home/addTask" do |form| %>
</div>

):
1:    <h1>Ajouter une tâche</h1>
2:    <div class="field">
3:        <h2> "Titre" </h2>
4:        # Add a form field to enter a title
5:        <%= form_with url: "/home/addTask" do |form| %>
6:    </div>
  
app/views/home/addTask.html.erb:9: syntax error, unexpected end-of-input
Started GET "/home/addTask" for 127.0.0.1 at 2023-12-14 12:27:33 +0100
Processing by HomeController#addTask as HTML
  Rendering layout layouts/application.html.erb
  Rendering home/addTask.html.erb within layouts/application
  Rendered home/addTask.html.erb within layouts/application (Duration: 0.3ms | Allocations: 102)
  Rendered layout layouts/application.html.erb (Duration: 2.8ms | Allocations: 1517)
Completed 200 OK in 9ms (Views: 5.0ms | ActiveRecord: 0.0ms | Allocations: 2412)


Started GET "/home/addTask" for 127.0.0.1 at 2023-12-14 12:27:37 +0100
Processing by HomeController#addTask as HTML
  Rendering layout layouts/application.html.erb
  Rendering home/addTask.html.erb within layouts/application
  Rendered home/addTask.html.erb within layouts/application (Duration: 0.0ms | Allocations: 7)
  Rendered layout layouts/application.html.erb (Duration: 2.2ms | Allocations: 1114)
Completed 200 OK in 3ms (Views: 2.6ms | ActiveRecord: 0.0ms | Allocations: 1361)


Started GET "/home/addTask" for 127.0.0.1 at 2023-12-14 12:27:38 +0100
Processing by HomeController#addTask as HTML
  Rendering layout layouts/application.html.erb
  Rendering home/addTask.html.erb within layouts/application
  Rendered home/addTask.html.erb within layouts/application (Duration: 0.0ms | Allocations: 7)
  Rendered layout layouts/application.html.erb (Duration: 2.2ms | Allocations: 1130)
Completed 200 OK in 3ms (Views: 2.5ms | ActiveRecord: 0.0ms | Allocations: 1377)


Started GET "/home/addTask" for 127.0.0.1 at 2023-12-14 12:27:39 +0100
Processing by HomeController#addTask as HTML
  Rendering layout layouts/application.html.erb
  Rendering home/addTask.html.erb within layouts/application
  Rendered home/addTask.html.erb within layouts/application (Duration: 0.0ms | Allocations: 7)
  Rendered layout layouts/application.html.erb (Duration: 2.1ms | Allocations: 1126)
Completed 200 OK in 3ms (Views: 2.4ms | ActiveRecord: 0.0ms | Allocations: 1373)


Started GET "/home/addTask" for 127.0.0.1 at 2023-12-14 12:28:43 +0100
Processing by HomeController#addTask as HTML
  Rendering layout layouts/application.html.erb
  Rendering home/addTask.html.erb within layouts/application
  Rendered home/addTask.html.erb within layouts/application (Duration: 0.3ms | Allocations: 108)
  Rendered layout layouts/application.html.erb (Duration: 2.9ms | Allocations: 1517)
Completed 200 OK in 14ms (Views: 6.0ms | ActiveRecord: 0.0ms | Allocations: 2412)


Started GET "/home/addTask?title=&description=&deadline=" for 127.0.0.1 at 2023-12-14 12:28:48 +0100
Processing by HomeController#addTask as HTML
  Parameters: {"title"=>"", "description"=>"", "deadline"=>""}
  Rendering layout layouts/application.html.erb
  Rendering home/addTask.html.erb within layouts/application
  Rendered home/addTask.html.erb within layouts/application (Duration: 0.0ms | Allocations: 7)
  Rendered layout layouts/application.html.erb (Duration: 1.9ms | Allocations: 1126)
Completed 200 OK in 2ms (Views: 2.2ms | ActiveRecord: 0.0ms | Allocations: 1373)


Started GET "/home/addTask" for 127.0.0.1 at 2023-12-14 12:31:43 +0100
Processing by HomeController#addTask as HTML
  Rendering layout layouts/application.html.erb
  Rendering home/addTask.html.erb within layouts/application
  Rendered home/addTask.html.erb within layouts/application (Duration: 0.3ms | Allocations: 107)
  Rendered home/_header.html.erb (Duration: 0.3ms | Allocations: 121)
  Rendered layout layouts/application.html.erb (Duration: 6.0ms | Allocations: 1750)
Completed 200 OK in 14ms (Views: 13.0ms | ActiveRecord: 0.0ms | Allocations: 2645)


Started GET "/home/addTask" for 127.0.0.1 at 2023-12-14 12:31:45 +0100
Processing by HomeController#addTask as HTML
  Rendering layout layouts/application.html.erb
  Rendering home/addTask.html.erb within layouts/application
  Rendered home/addTask.html.erb within layouts/application (Duration: 0.0ms | Allocations: 7)
  Rendered home/_header.html.erb (Duration: 0.0ms | Allocations: 14)
  Rendered layout layouts/application.html.erb (Duration: 2.4ms | Allocations: 1210)
Completed 200 OK in 3ms (Views: 2.8ms | ActiveRecord: 0.0ms | Allocations: 1457)


Started GET "/home/addTask" for 127.0.0.1 at 2023-12-14 12:32:35 +0100
Processing by HomeController#addTask as HTML
  Rendering layout layouts/application.html.erb
  Rendering home/addTask.html.erb within layouts/application
  Rendered home/addTask.html.erb within layouts/application (Duration: 0.3ms | Allocations: 111)
  Rendered home/_header.html.erb (Duration: 0.3ms | Allocations: 118)
  Rendered layout layouts/application.html.erb (Duration: 3.3ms | Allocations: 1744)
Completed 200 OK in 10ms (Views: 5.6ms | ActiveRecord: 0.0ms | Allocations: 2639)


Started GET "/home/addTask" for 127.0.0.1 at 2023-12-14 12:32:43 +0100
Processing by HomeController#addTask as HTML
  Rendering layout layouts/application.html.erb
  Rendering home/addTask.html.erb within layouts/application
  Rendered home/addTask.html.erb within layouts/application (Duration: 0.3ms | Allocations: 111)
  Rendered home/_header.html.erb (Duration: 0.2ms | Allocations: 118)
  Rendered layout layouts/application.html.erb (Duration: 3.2ms | Allocations: 1759)
Completed 200 OK in 10ms (Views: 5.3ms | ActiveRecord: 0.0ms | Allocations: 2654)


Started GET "/home/index" for 127.0.0.1 at 2023-12-14 12:32:44 +0100
  
ActionController::RoutingError (No route matches [GET] "/home/index"):
  
Started GET "/home/addTask" for 127.0.0.1 at 2023-12-14 12:33:19 +0100
Processing by HomeController#addTask as HTML
  Rendering layout layouts/application.html.erb
  Rendering home/addTask.html.erb within layouts/application
  Rendered home/addTask.html.erb within layouts/application (Duration: 0.2ms | Allocations: 110)
  Rendered home/_header.html.erb (Duration: 0.2ms | Allocations: 118)
  Rendered layout layouts/application.html.erb (Duration: 3.4ms | Allocations: 1770)
Completed 200 OK in 7ms (Views: 5.6ms | ActiveRecord: 0.0ms | Allocations: 2665)


Started GET "/home/index" for 127.0.0.1 at 2023-12-14 12:33:21 +0100
  
ActionController::RoutingError (No route matches [GET] "/home/index"):
  
Started GET "/home/index" for 127.0.0.1 at 2023-12-14 12:33:26 +0100
  
ActionController::RoutingError (No route matches [GET] "/home/index"):
  
Started GET "/home/addTask" for 127.0.0.1 at 2023-12-14 12:33:27 +0100
Processing by HomeController#addTask as HTML
  Rendering layout layouts/application.html.erb
  Rendering home/addTask.html.erb within layouts/application
  Rendered home/addTask.html.erb within layouts/application (Duration: 0.3ms | Allocations: 107)
  Rendered home/_header.html.erb (Duration: 0.2ms | Allocations: 117)
  Rendered layout layouts/application.html.erb (Duration: 3.9ms | Allocations: 1772)
Completed 200 OK in 10ms (Views: 6.2ms | ActiveRecord: 0.0ms | Allocations: 2630)


Started GET "/home/addTask" for 127.0.0.1 at 2023-12-14 12:33:28 +0100
Processing by HomeController#addTask as HTML
  Rendering layout layouts/application.html.erb
  Rendering home/addTask.html.erb within layouts/application
  Rendered home/addTask.html.erb within layouts/application (Duration: 0.0ms | Allocations: 7)
  Rendered home/_header.html.erb (Duration: 0.0ms | Allocations: 14)
  Rendered layout layouts/application.html.erb (Duration: 2.4ms | Allocations: 1198)
Completed 200 OK in 3ms (Views: 2.9ms | ActiveRecord: 0.0ms | Allocations: 1445)


Started GET "/home/addTask" for 127.0.0.1 at 2023-12-14 12:33:29 +0100
Processing by HomeController#addTask as HTML
  Rendering layout layouts/application.html.erb
  Rendering home/addTask.html.erb within layouts/application
  Rendered home/addTask.html.erb within layouts/application (Duration: 0.0ms | Allocations: 7)
  Rendered home/_header.html.erb (Duration: 0.0ms | Allocations: 14)
  Rendered layout layouts/application.html.erb (Duration: 2.0ms | Allocations: 1192)
Completed 200 OK in 3ms (Views: 2.3ms | ActiveRecord: 0.0ms | Allocations: 1439)


Started GET "/home/addTask" for 127.0.0.1 at 2023-12-14 12:33:29 +0100
Processing by HomeController#addTask as HTML
  Rendering layout layouts/application.html.erb
  Rendering home/addTask.html.erb within layouts/application
  Rendered home/addTask.html.erb within layouts/application (Duration: 0.0ms | Allocations: 7)
  Rendered home/_header.html.erb (Duration: 0.0ms | Allocations: 14)
  Rendered layout layouts/application.html.erb (Duration: 2.4ms | Allocations: 1192)
Completed 200 OK in 3ms (Views: 2.8ms | ActiveRecord: 0.0ms | Allocations: 1439)


Started GET "/home/addTask" for 127.0.0.1 at 2023-12-14 12:33:29 +0100
Processing by HomeController#addTask as HTML
  Rendering layout layouts/application.html.erb
  Rendering home/addTask.html.erb within layouts/application
  Rendered home/addTask.html.erb within layouts/application (Duration: 0.0ms | Allocations: 7)
  Rendered home/_header.html.erb (Duration: 0.0ms | Allocations: 14)
  Rendered layout layouts/application.html.erb (Duration: 2.1ms | Allocations: 1198)
Completed 200 OK in 3ms (Views: 2.4ms | ActiveRecord: 0.0ms | Allocations: 1445)


Started GET "/home/addTask" for 127.0.0.1 at 2023-12-14 12:33:29 +0100
Processing by HomeController#addTask as HTML
  Rendering layout layouts/application.html.erb
  Rendering home/addTask.html.erb within layouts/application
  Rendered home/addTask.html.erb within layouts/application (Duration: 0.0ms | Allocations: 7)
  Rendered home/_header.html.erb (Duration: 0.0ms | Allocations: 14)
  Rendered layout layouts/application.html.erb (Duration: 2.4ms | Allocations: 1204)
Completed 200 OK in 3ms (Views: 2.8ms | ActiveRecord: 0.0ms | Allocations: 1451)


Started GET "/home/addTask" for 127.0.0.1 at 2023-12-14 12:33:29 +0100
Processing by HomeController#addTask as HTML
  Rendering layout layouts/application.html.erb
  Rendering home/addTask.html.erb within layouts/application
  Rendered home/addTask.html.erb within layouts/application (Duration: 0.0ms | Allocations: 7)
  Rendered home/_header.html.erb (Duration: 0.0ms | Allocations: 14)
  Rendered layout layouts/application.html.erb (Duration: 2.3ms | Allocations: 1228)
Completed 200 OK in 3ms (Views: 2.7ms | ActiveRecord: 0.0ms | Allocations: 1475)


Started GET "/home/addTask" for 127.0.0.1 at 2023-12-14 12:33:29 +0100
Processing by HomeController#addTask as HTML
  Rendering layout layouts/application.html.erb
  Rendering home/addTask.html.erb within layouts/application
  Rendered home/addTask.html.erb within layouts/application (Duration: 0.0ms | Allocations: 7)
  Rendered home/_header.html.erb (Duration: 0.0ms | Allocations: 14)
  Rendered layout layouts/application.html.erb (Duration: 2.2ms | Allocations: 1198)
Completed 200 OK in 3ms (Views: 2.5ms | ActiveRecord: 0.0ms | Allocations: 1445)


Started GET "/home/addTask" for 127.0.0.1 at 2023-12-14 12:35:19 +0100
Processing by HomeController#addTask as HTML
  Rendering layout layouts/application.html.erb
  Rendering home/addTask.html.erb within layouts/application
  Rendered home/addTask.html.erb within layouts/application (Duration: 0.3ms | Allocations: 124)
  Rendered home/_header.html.erb (Duration: 0.3ms | Allocations: 118)
  Rendered layout layouts/application.html.erb (Duration: 17.6ms | Allocations: 1769)
Completed 200 OK in 24ms (Views: 20.0ms | ActiveRecord: 0.0ms | Allocations: 2664)


Started GET "/" for 127.0.0.1 at 2023-12-14 12:35:20 +0100
Processing by HomeController#index as HTML
  Rendering layout layouts/application.html.erb
  Rendering home/index.html.erb within layouts/application
  Rendered home/index.html.erb within layouts/application (Duration: 0.3ms | Allocations: 91)
  Rendered home/_header.html.erb (Duration: 0.0ms | Allocations: 14)
  Rendered layout layouts/application.html.erb (Duration: 2.9ms | Allocations: 1293)
Completed 200 OK in 8ms (Views: 3.3ms | ActiveRecord: 0.0ms | Allocations: 1599)


Started GET "/home/addTask" for 127.0.0.1 at 2023-12-14 12:35:22 +0100
Processing by HomeController#addTask as HTML
  Rendering layout layouts/application.html.erb
  Rendering home/addTask.html.erb within layouts/application
  Rendered home/addTask.html.erb within layouts/application (Duration: 0.0ms | Allocations: 7)
  Rendered home/_header.html.erb (Duration: 0.0ms | Allocations: 14)
  Rendered layout layouts/application.html.erb (Duration: 2.0ms | Allocations: 1213)
Completed 200 OK in 3ms (Views: 2.3ms | ActiveRecord: 0.0ms | Allocations: 1460)


Started GET "/" for 127.0.0.1 at 2023-12-14 12:35:24 +0100
Processing by HomeController#index as HTML
  Rendering layout layouts/application.html.erb
  Rendering home/index.html.erb within layouts/application
  Rendered home/index.html.erb within layouts/application (Duration: 0.0ms | Allocations: 7)
  Rendered home/_header.html.erb (Duration: 0.0ms | Allocations: 14)
  Rendered layout layouts/application.html.erb (Duration: 2.8ms | Allocations: 1204)
Completed 200 OK in 3ms (Views: 3.2ms | ActiveRecord: 0.0ms | Allocations: 1451)


Started GET "/home/addTask" for 127.0.0.1 at 2023-12-14 13:12:40 +0100
Started GET "/home/addTask" for 127.0.0.1 at 2023-12-14 13:12:43 +0100
Processing by HomeController#addTask as HTML
  Rendering layout layouts/application.html.erb
  Rendering home/addTask.html.erb within layouts/application
  Rendered home/addTask.html.erb within layouts/application (Duration: 0.3ms | Allocations: 121)
  Rendered home/_header.html.erb (Duration: 0.2ms | Allocations: 117)
  Rendered layout layouts/application.html.erb (Duration: 3.5ms | Allocations: 1774)
Completed 200 OK in 8ms (Views: 7.1ms | ActiveRecord: 0.0ms | Allocations: 2669)


Started GET "/home/addTask" for 127.0.0.1 at 2023-12-14 13:12:44 +0100
Started GET "/home/addTask" for 127.0.0.1 at 2023-12-14 13:12:44 +0100
Processing by HomeController#addTask as HTML
  Rendering layout layouts/application.html.erb
  Rendering home/addTask.html.erb within layouts/application
  Rendered home/addTask.html.erb within layouts/application (Duration: 0.3ms | Allocations: 137)
  Rendered home/_header.html.erb (Duration: 0.5ms | Allocations: 128)
  Rendered layout layouts/application.html.erb (Duration: 7.1ms | Allocations: 1965)
Completed 200 OK in 14ms (Views: 12.0ms | ActiveRecord: 0.0ms | Allocations: 2920)


Processing by HomeController#addTask as HTML
  Rendering layout layouts/application.html.erb
  Rendering home/addTask.html.erb within layouts/application
  Rendered home/addTask.html.erb within layouts/application (Duration: 0.0ms | Allocations: 7)
Processing by HomeController#addTask as HTML
  Rendering layout layouts/application.html.erb
  Rendering home/addTask.html.erb within layouts/application
  Rendered home/addTask.html.erb within layouts/application (Duration: 0.0ms | Allocations: 7)
  Rendered home/_header.html.erb (Duration: 0.0ms | Allocations: 14)
  Rendered layout layouts/application.html.erb (Duration: 6.3ms | Allocations: 2378)
Completed 200 OK in 7ms (Views: 6.7ms | ActiveRecord: 0.0ms | Allocations: 2820)


  Rendered home/_header.html.erb (Duration: 0.0ms | Allocations: 14)
  Rendered layout layouts/application.html.erb (Duration: 6.0ms | Allocations: 2369)
Completed 200 OK in 7ms (Views: 6.3ms | ActiveRecord: 0.0ms | Allocations: 2619)


Started GET "/" for 127.0.0.1 at 2023-12-14 13:12:47 +0100
Processing by HomeController#index as HTML
  Rendering layout layouts/application.html.erb
  Rendering home/index.html.erb within layouts/application
  Rendered home/index.html.erb within layouts/application (Duration: 0.3ms | Allocations: 92)
  Rendered home/_header.html.erb (Duration: 0.0ms | Allocations: 14)
  Rendered layout layouts/application.html.erb (Duration: 2.6ms | Allocations: 1283)
Completed 200 OK in 6ms (Views: 3.1ms | ActiveRecord: 0.0ms | Allocations: 1589)


Started GET "/home/addTask" for 127.0.0.1 at 2023-12-14 13:12:48 +0100
Processing by HomeController#addTask as HTML
  Rendering layout layouts/application.html.erb
  Rendering home/addTask.html.erb within layouts/application
  Rendered home/addTask.html.erb within layouts/application (Duration: 0.0ms | Allocations: 7)
  Rendered home/_header.html.erb (Duration: 0.0ms | Allocations: 14)
  Rendered layout layouts/application.html.erb (Duration: 2.3ms | Allocations: 1207)
Completed 200 OK in 3ms (Views: 2.7ms | ActiveRecord: 0.0ms | Allocations: 1454)


Started GET "/" for 127.0.0.1 at 2023-12-14 13:12:49 +0100
Processing by HomeController#index as HTML
  Rendering layout layouts/application.html.erb
  Rendering home/index.html.erb within layouts/application
  Rendered home/index.html.erb within layouts/application (Duration: 0.0ms | Allocations: 7)
  Rendered home/_header.html.erb (Duration: 0.0ms | Allocations: 14)
  Rendered layout layouts/application.html.erb (Duration: 2.3ms | Allocations: 1204)
Completed 200 OK in 3ms (Views: 2.6ms | ActiveRecord: 0.0ms | Allocations: 1451)


Started GET "/home/addTask" for 127.0.0.1 at 2023-12-14 13:12:50 +0100
Processing by HomeController#addTask as HTML
  Rendering layout layouts/application.html.erb
  Rendering home/addTask.html.erb within layouts/application
  Rendered home/addTask.html.erb within layouts/application (Duration: 0.0ms | Allocations: 7)
  Rendered home/_header.html.erb (Duration: 0.0ms | Allocations: 14)
  Rendered layout layouts/application.html.erb (Duration: 2.1ms | Allocations: 1207)
Completed 200 OK in 3ms (Views: 2.5ms | ActiveRecord: 0.0ms | Allocations: 1454)


Started GET "/home/addTask" for 127.0.0.1 at 2023-12-14 13:16:20 +0100
Processing by HomeController#addTask as HTML
  Rendering layout layouts/application.html.erb
  Rendering home/addTask.html.erb within layouts/application
  Rendered home/addTask.html.erb within layouts/application (Duration: 0.3ms | Allocations: 123)
  Rendered home/_header.html.erb (Duration: 0.2ms | Allocations: 118)
  Rendered layout layouts/application.html.erb (Duration: 3.7ms | Allocations: 1762)
Completed 200 OK in 7ms (Views: 6.0ms | ActiveRecord: 0.0ms | Allocations: 2657)


Started GET "/" for 127.0.0.1 at 2023-12-14 13:16:22 +0100
Processing by HomeController#index as HTML
  Rendering layout layouts/application.html.erb
  Rendering home/index.html.erb within layouts/application
  Rendered home/index.html.erb within layouts/application (Duration: 0.5ms | Allocations: 196)
  Rendered home/_header.html.erb (Duration: 0.0ms | Allocations: 14)
  Rendered layout layouts/application.html.erb (Duration: 2.9ms | Allocations: 1385)
Completed 200 OK in 10ms (Views: 3.3ms | ActiveRecord: 0.0ms | Allocations: 1691)


Started GET "/" for 127.0.0.1 at 2023-12-14 13:18:24 +0100
Processing by HomeController#index as HTML
  Rendering layout layouts/application.html.erb
  Rendering home/index.html.erb within layouts/application
  Rendered home/index.html.erb within layouts/application (Duration: 0.1ms | Allocations: 38)
  Rendered home/_header.html.erb (Duration: 0.0ms | Allocations: 14)
  Rendered layout layouts/application.html.erb (Duration: 2.8ms | Allocations: 1239)
Completed 200 OK in 3ms (Views: 3.1ms | ActiveRecord: 0.0ms | Allocations: 1486)


Started GET "/" for 127.0.0.1 at 2023-12-14 13:18:26 +0100
Processing by HomeController#index as HTML
  Rendering layout layouts/application.html.erb
  Rendering home/index.html.erb within layouts/application
  Rendered home/index.html.erb within layouts/application (Duration: 0.1ms | Allocations: 38)
  Rendered home/_header.html.erb (Duration: 0.0ms | Allocations: 14)
  Rendered layout layouts/application.html.erb (Duration: 4.0ms | Allocations: 1248)
Completed 200 OK in 5ms (Views: 4.4ms | ActiveRecord: 0.0ms | Allocations: 1495)


Started GET "/" for 127.0.0.1 at 2023-12-14 13:18:26 +0100
Processing by HomeController#index as HTML
  Rendering layout layouts/application.html.erb
  Rendering home/index.html.erb within layouts/application
  Rendered home/index.html.erb within layouts/application (Duration: 0.1ms | Allocations: 38)
  Rendered home/_header.html.erb (Duration: 0.0ms | Allocations: 14)
  Rendered layout layouts/application.html.erb (Duration: 24.0ms | Allocations: 1227)
Completed 200 OK in 25ms (Views: 24.4ms | ActiveRecord: 0.0ms | Allocations: 1474)


Started GET "/" for 127.0.0.1 at 2023-12-14 13:18:45 +0100
Processing by HomeController#index as HTML
  Rendering layout layouts/application.html.erb
  Rendering home/index.html.erb within layouts/application
  Rendered home/index.html.erb within layouts/application (Duration: 0.4ms | Allocations: 181)
  Rendered home/_header.html.erb (Duration: 0.2ms | Allocations: 118)
  Rendered layout layouts/application.html.erb (Duration: 3.3ms | Allocations: 1827)
Completed 200 OK in 11ms (Views: 5.6ms | ActiveRecord: 0.0ms | Allocations: 2721)


Started GET "/" for 127.0.0.1 at 2023-12-14 13:18:46 +0100
Processing by HomeController#index as HTML
  Rendering layout layouts/application.html.erb
  Rendering home/index.html.erb within layouts/application
  Rendered home/index.html.erb within layouts/application (Duration: 0.1ms | Allocations: 38)
  Rendered home/_header.html.erb (Duration: 0.0ms | Allocations: 14)
  Rendered layout layouts/application.html.erb (Duration: 2.9ms | Allocations: 1233)
Completed 200 OK in 3ms (Views: 3.2ms | ActiveRecord: 0.0ms | Allocations: 1480)


Started GET "/home/addTask" for 127.0.0.1 at 2023-12-14 13:19:03 +0100
Processing by HomeController#addTask as HTML
  Rendering layout layouts/application.html.erb
  Rendering home/addTask.html.erb within layouts/application
  Rendered home/addTask.html.erb within layouts/application (Duration: 0.3ms | Allocations: 115)
  Rendered home/_header.html.erb (Duration: 0.0ms | Allocations: 14)
  Rendered layout layouts/application.html.erb (Duration: 2.5ms | Allocations: 1302)
Completed 200 OK in 3ms (Views: 2.9ms | ActiveRecord: 0.0ms | Allocations: 1609)


Started GET "/" for 127.0.0.1 at 2023-12-14 13:19:29 +0100
Processing by HomeController#index as HTML
  Rendering layout layouts/application.html.erb
  Rendering home/index.html.erb within layouts/application
  Rendered home/index.html.erb within layouts/application (Duration: 0.8ms | Allocations: 187)
  Rendered home/_header.html.erb (Duration: 0.2ms | Allocations: 118)
  Rendered layout layouts/application.html.erb (Duration: 3.8ms | Allocations: 1812)
Completed 200 OK in 13ms (Views: 6.3ms | ActiveRecord: 0.0ms | Allocations: 2706)


Started GET "/" for 127.0.0.1 at 2023-12-14 13:19:30 +0100
Processing by HomeController#index as HTML
  Rendering layout layouts/application.html.erb
  Rendering home/index.html.erb within layouts/application
  Rendered home/index.html.erb within layouts/application (Duration: 0.1ms | Allocations: 42)
  Rendered home/_header.html.erb (Duration: 0.1ms | Allocations: 14)
  Rendered layout layouts/application.html.erb (Duration: 2.4ms | Allocations: 1237)
Completed 200 OK in 3ms (Views: 2.7ms | ActiveRecord: 0.0ms | Allocations: 1484)


Started GET "/" for 127.0.0.1 at 2023-12-14 13:22:36 +0100
Processing by HomeController#index as HTML
  Rendering layout layouts/application.html.erb
  Rendering home/index.html.erb within layouts/application
  Rendered home/index.html.erb within layouts/application (Duration: 0.4ms | Allocations: 187)
  Rendered home/_header.html.erb (Duration: 0.2ms | Allocations: 118)
  Rendered layout layouts/application.html.erb (Duration: 3.4ms | Allocations: 1830)
Completed 200 OK in 7ms (Views: 5.5ms | ActiveRecord: 0.0ms | Allocations: 2724)


Started GET "/" for 127.0.0.1 at 2023-12-14 13:22:55 +0100
  
SyntaxError (I:/TaskList/app/controllers/home_controller.rb:4: syntax error, unexpected constant, expecting `end' or dummy end
    <% link_to "Ajouter une tâche", home_addTask_pa...
                ^~~~~~~
):
  
app/controllers/home_controller.rb:4: syntax error, unexpected constant, expecting `end' or dummy end
Started GET "/" for 127.0.0.1 at 2023-12-14 13:23:09 +0100
  
SyntaxError (I:/TaskList/app/controllers/home_controller.rb:4: syntax error, unexpected constant, expecting `end' or dummy end
    <% link_to "Ajouter une tâche", home_addTask_pa...
                ^~~~~~~
):
  
app/controllers/home_controller.rb:4: syntax error, unexpected constant, expecting `end' or dummy end
Started GET "/" for 127.0.0.1 at 2023-12-14 13:23:31 +0100
  
SyntaxError (I:/TaskList/app/controllers/home_controller.rb:4: syntax error, unexpected constant, expecting `end' or dummy end
      <% link_to "Ajouter une tâche", home_addTask_pa...
                  ^~~~~~~
):
  
app/controllers/home_controller.rb:4: syntax error, unexpected constant, expecting `end' or dummy end
Started GET "/" for 127.0.0.1 at 2023-12-14 13:23:32 +0100
  
SyntaxError (I:/TaskList/app/controllers/home_controller.rb:4: syntax error, unexpected constant, expecting `end' or dummy end
      <% link_to "Ajouter une tâche", home_addTask_pa...
                  ^~~~~~~
):
  
app/controllers/home_controller.rb:4: syntax error, unexpected constant, expecting `end' or dummy end
Started GET "/" for 127.0.0.1 at 2023-12-14 13:23:33 +0100
  
SyntaxError (I:/TaskList/app/controllers/home_controller.rb:4: syntax error, unexpected constant, expecting `end' or dummy end
      <% link_to "Ajouter une tâche", home_addTask_pa...
                  ^~~~~~~
):
  
app/controllers/home_controller.rb:4: syntax error, unexpected constant, expecting `end' or dummy end
Started GET "/" for 127.0.0.1 at 2023-12-14 13:25:07 +0100
Processing by HomeController#index as HTML
  Rendering layout layouts/application.html.erb
  Rendering home/index.html.erb within layouts/application
  Rendered home/index.html.erb within layouts/application (Duration: 0.4ms | Allocations: 95)
  Rendered home/_header.html.erb (Duration: 0.9ms | Allocations: 117)
  Rendered layout layouts/application.html.erb (Duration: 288.5ms | Allocations: 1727)
Completed 200 OK in 292ms (Views: 290.6ms | ActiveRecord: 0.0ms | Allocations: 2621)


Started GET "/home/addTask" for 127.0.0.1 at 2023-12-14 13:25:08 +0100
Processing by HomeController#addTask as HTML
  Rendering layout layouts/application.html.erb
  Rendering home/addTask.html.erb within layouts/application
  Rendered home/addTask.html.erb within layouts/application (Duration: 0.3ms | Allocations: 115)
  Rendered home/_header.html.erb (Duration: 0.0ms | Allocations: 14)
  Rendered layout layouts/application.html.erb (Duration: 2.6ms | Allocations: 1332)
Completed 200 OK in 3ms (Views: 2.9ms | ActiveRecord: 0.0ms | Allocations: 1639)


Started GET "/" for 127.0.0.1 at 2023-12-14 13:25:09 +0100
Processing by HomeController#index as HTML
  Rendering layout layouts/application.html.erb
  Rendering home/index.html.erb within layouts/application
  Rendered home/index.html.erb within layouts/application (Duration: 0.0ms | Allocations: 7)
  Rendered home/_header.html.erb (Duration: 0.0ms | Allocations: 14)
  Rendered layout layouts/application.html.erb (Duration: 2.0ms | Allocations: 1201)
Completed 200 OK in 3ms (Views: 2.4ms | ActiveRecord: 0.0ms | Allocations: 1448)


Started GET "/home/addTask" for 127.0.0.1 at 2023-12-14 13:25:10 +0100
Processing by HomeController#addTask as HTML
  Rendering layout layouts/application.html.erb
  Rendering home/addTask.html.erb within layouts/application
  Rendered home/addTask.html.erb within layouts/application (Duration: 0.0ms | Allocations: 7)
  Rendered home/_header.html.erb (Duration: 0.0ms | Allocations: 14)
  Rendered layout layouts/application.html.erb (Duration: 13.2ms | Allocations: 1201)
Completed 200 OK in 14ms (Views: 13.6ms | ActiveRecord: 0.0ms | Allocations: 1448)


Started GET "/home/addTask" for 127.0.0.1 at 2023-12-14 13:25:23 +0100
Processing by HomeController#addTask as HTML
  Rendering layout layouts/application.html.erb
  Rendering home/addTask.html.erb within layouts/application
  Rendered home/addTask.html.erb within layouts/application (Duration: 0.3ms | Allocations: 125)
  Rendered home/_header.html.erb (Duration: 0.4ms | Allocations: 118)
  Rendered layout layouts/application.html.erb (Duration: 4.7ms | Allocations: 1764)
Completed 200 OK in 13ms (Views: 7.1ms | ActiveRecord: 0.0ms | Allocations: 2659)


Started GET "/home/addTask" for 127.0.0.1 at 2023-12-14 13:25:30 +0100
Processing by HomeController#addTask as HTML
  Rendering layout layouts/application.html.erb
  Rendering home/addTask.html.erb within layouts/application
  Rendered home/addTask.html.erb within layouts/application (Duration: 0.2ms | Allocations: 126)
  Rendered home/_header.html.erb (Duration: 0.2ms | Allocations: 118)
  Rendered layout layouts/application.html.erb (Duration: 3.5ms | Allocations: 1789)
Completed 200 OK in 9ms (Views: 5.6ms | ActiveRecord: 0.0ms | Allocations: 2684)


Started GET "/" for 127.0.0.1 at 2023-12-14 13:25:33 +0100
Processing by HomeController#index as HTML
  Rendering layout layouts/application.html.erb
  Rendering home/index.html.erb within layouts/application
  Rendered home/index.html.erb within layouts/application (Duration: 0.3ms | Allocations: 91)
  Rendered home/_header.html.erb (Duration: 0.0ms | Allocations: 14)
  Rendered layout layouts/application.html.erb (Duration: 2.4ms | Allocations: 1302)
Completed 200 OK in 3ms (Views: 2.7ms | ActiveRecord: 0.0ms | Allocations: 1608)


Started GET "/home/addTask" for 127.0.0.1 at 2023-12-14 13:25:33 +0100
Processing by HomeController#addTask as HTML
  Rendering layout layouts/application.html.erb
  Rendering home/addTask.html.erb within layouts/application
  Rendered home/addTask.html.erb within layouts/application (Duration: 0.0ms | Allocations: 7)
  Rendered home/_header.html.erb (Duration: 0.0ms | Allocations: 14)
  Rendered layout layouts/application.html.erb (Duration: 2.8ms | Allocations: 1210)
Completed 200 OK in 3ms (Views: 3.2ms | ActiveRecord: 0.0ms | Allocations: 1457)


Started GET "/" for 127.0.0.1 at 2023-12-14 13:25:38 +0100
Processing by HomeController#index as HTML
  Rendering layout layouts/application.html.erb
  Rendering home/index.html.erb within layouts/application
  Rendered home/index.html.erb within layouts/application (Duration: 0.0ms | Allocations: 7)
  Rendered home/_header.html.erb (Duration: 0.0ms | Allocations: 14)
  Rendered layout layouts/application.html.erb (Duration: 2.1ms | Allocations: 1207)
Completed 200 OK in 3ms (Views: 2.4ms | ActiveRecord: 0.0ms | Allocations: 1454)


Started GET "/" for 127.0.0.1 at 2023-12-14 13:28:01 +0100
Processing by HomeController#index as HTML
  Rendering layout layouts/application.html.erb
  Rendering home/index.html.erb within layouts/application
  Rendered home/index.html.erb within layouts/application (Duration: 0.3ms | Allocations: 107)
  Rendered home/_header.html.erb (Duration: 0.2ms | Allocations: 118)
  Rendered layout layouts/application.html.erb (Duration: 3.7ms | Allocations: 1743)
Completed 200 OK in 10ms (Views: 6.2ms | ActiveRecord: 0.0ms | Allocations: 2637)


Started GET "/home/addTask" for 127.0.0.1 at 2023-12-14 13:28:02 +0100
Processing by HomeController#addTask as HTML
  Rendering layout layouts/application.html.erb
  Rendering home/addTask.html.erb within layouts/application
  Rendered home/addTask.html.erb within layouts/application (Duration: 0.3ms | Allocations: 117)
  Rendered home/_header.html.erb (Duration: 0.0ms | Allocations: 14)
  Rendered layout layouts/application.html.erb (Duration: 2.6ms | Allocations: 1313)
Completed 200 OK in 4ms (Views: 2.9ms | ActiveRecord: 0.0ms | Allocations: 1620)


Started GET "/" for 127.0.0.1 at 2023-12-14 13:28:03 +0100
Processing by HomeController#index as HTML
  Rendering layout layouts/application.html.erb
  Rendering home/index.html.erb within layouts/application
  Rendered home/index.html.erb within layouts/application (Duration: 0.0ms | Allocations: 7)
  Rendered home/_header.html.erb (Duration: 0.0ms | Allocations: 14)
  Rendered layout layouts/application.html.erb (Duration: 2.2ms | Allocations: 1213)
Completed 200 OK in 3ms (Views: 2.9ms | ActiveRecord: 0.0ms | Allocations: 1460)


Started GET "/" for 127.0.0.1 at 2023-12-14 13:28:16 +0100
Processing by HomeController#index as HTML
  Rendering layout layouts/application.html.erb
  Rendering home/index.html.erb within layouts/application
  Rendered home/index.html.erb within layouts/application (Duration: 0.3ms | Allocations: 105)
  Rendered home/_header.html.erb (Duration: 0.2ms | Allocations: 118)
  Rendered layout layouts/application.html.erb (Duration: 3.1ms | Allocations: 1744)
Completed 200 OK in 9ms (Views: 5.5ms | ActiveRecord: 0.0ms | Allocations: 2638)


Started GET "/" for 127.0.0.1 at 2023-12-14 13:28:25 +0100
Processing by HomeController#index as HTML
  Rendering layout layouts/application.html.erb
  Rendering home/index.html.erb within layouts/application
  Rendered home/index.html.erb within layouts/application (Duration: 0.3ms | Allocations: 108)
  Rendered home/_header.html.erb (Duration: 0.4ms | Allocations: 118)
  Rendered layout layouts/application.html.erb (Duration: 4.0ms | Allocations: 1756)
Completed 200 OK in 10ms (Views: 6.1ms | ActiveRecord: 0.0ms | Allocations: 2650)


Started GET "/" for 127.0.0.1 at 2023-12-14 13:28:32 +0100
Processing by HomeController#index as HTML
  Rendering layout layouts/application.html.erb
  Rendering home/index.html.erb within layouts/application
  Rendered home/index.html.erb within layouts/application (Duration: 0.5ms | Allocations: 108)
  Rendered home/_header.html.erb (Duration: 0.2ms | Allocations: 118)
  Rendered layout layouts/application.html.erb (Duration: 3.6ms | Allocations: 1759)
Completed 200 OK in 11ms (Views: 6.0ms | ActiveRecord: 0.0ms | Allocations: 2653)


Started GET "/" for 127.0.0.1 at 2023-12-14 13:29:31 +0100
Processing by HomeController#index as HTML
  Rendering layout layouts/application.html.erb
  Rendering home/index.html.erb within layouts/application
  Rendered home/index.html.erb within layouts/application (Duration: 0.3ms | Allocations: 106)
  Rendered home/_header.html.erb (Duration: 0.2ms | Allocations: 118)
  Rendered layout layouts/application.html.erb (Duration: 3.2ms | Allocations: 1751)
Completed 200 OK in 10ms (Views: 5.3ms | ActiveRecord: 0.0ms | Allocations: 2645)


Started GET "/" for 127.0.0.1 at 2023-12-14 13:29:40 +0100
Processing by HomeController#index as HTML
  Rendering layout layouts/application.html.erb
  Rendering home/index.html.erb within layouts/application
  Rendered home/index.html.erb within layouts/application (Duration: 0.2ms | Allocations: 107)
  Rendered home/_header.html.erb (Duration: 0.2ms | Allocations: 118)
  Rendered layout layouts/application.html.erb (Duration: 3.3ms | Allocations: 1749)
Completed 200 OK in 9ms (Views: 5.3ms | ActiveRecord: 0.0ms | Allocations: 2643)


Started GET "/" for 127.0.0.1 at 2023-12-14 13:29:45 +0100
Processing by HomeController#index as HTML
  Rendering layout layouts/application.html.erb
  Rendering home/index.html.erb within layouts/application
  Rendered home/index.html.erb within layouts/application (Duration: 0.2ms | Allocations: 107)
  Rendered home/_header.html.erb (Duration: 0.2ms | Allocations: 118)
  Rendered layout layouts/application.html.erb (Duration: 3.4ms | Allocations: 1743)
Completed 200 OK in 6ms (Views: 5.4ms | ActiveRecord: 0.0ms | Allocations: 2637)


Started GET "/" for 127.0.0.1 at 2023-12-14 13:35:15 +0100
Processing by HomeController#index as HTML
  Rendering layout layouts/application.html.erb
  Rendering home/index.html.erb within layouts/application
  Rendered home/index.html.erb within layouts/application (Duration: 0.5ms | Allocations: 117)
  Rendered home/_header.html.erb (Duration: 0.2ms | Allocations: 118)
  Rendered layout layouts/application.html.erb (Duration: 3.4ms | Allocations: 1777)
Completed 200 OK in 10ms (Views: 5.6ms | ActiveRecord: 0.0ms | Allocations: 2673)


Started GET "/" for 127.0.0.1 at 2023-12-14 13:35:23 +0100
Processing by HomeController#index as HTML
  Rendering layout layouts/application.html.erb
  Rendering home/index.html.erb within layouts/application
  Rendered home/index.html.erb within layouts/application (Duration: 0.0ms | Allocations: 7)
  Rendered home/_header.html.erb (Duration: 0.0ms | Allocations: 14)
  Rendered layout layouts/application.html.erb (Duration: 2.5ms | Allocations: 1207)
Completed 200 OK in 3ms (Views: 3.0ms | ActiveRecord: 0.0ms | Allocations: 1454)


Started GET "/home/deleteTask/1" for 127.0.0.1 at 2023-12-14 13:35:28 +0100
  
ActionController::RoutingError (No route matches [GET] "/home/deleteTask/1"):
  
Started GET "/" for 127.0.0.1 at 2023-12-14 13:35:49 +0100
Processing by HomeController#index as HTML
  Rendering layout layouts/application.html.erb
  Rendering home/index.html.erb within layouts/application
  Rendered home/index.html.erb within layouts/application (Duration: 0.3ms | Allocations: 117)
  Rendered home/_header.html.erb (Duration: 0.3ms | Allocations: 118)
  Rendered layout layouts/application.html.erb (Duration: 3.5ms | Allocations: 1762)
Completed 200 OK in 11ms (Views: 5.8ms | ActiveRecord: 0.0ms | Allocations: 2657)


Started GET "/" for 127.0.0.1 at 2023-12-14 13:35:51 +0100
Processing by HomeController#index as HTML
  Rendering layout layouts/application.html.erb
  Rendering home/index.html.erb within layouts/application
  Rendered home/index.html.erb within layouts/application (Duration: 0.0ms | Allocations: 7)
  Rendered home/_header.html.erb (Duration: 0.0ms | Allocations: 14)
  Rendered layout layouts/application.html.erb (Duration: 2.7ms | Allocations: 1198)
Completed 200 OK in 3ms (Views: 3.0ms | ActiveRecord: 0.0ms | Allocations: 1445)


Started GET "/home/addTask" for 127.0.0.1 at 2023-12-14 13:35:54 +0100
Processing by HomeController#addTask as HTML
  Rendering layout layouts/application.html.erb
  Rendering home/addTask.html.erb within layouts/application
  Rendered home/addTask.html.erb within layouts/application (Duration: 0.4ms | Allocations: 117)
  Rendered home/_header.html.erb (Duration: 0.0ms | Allocations: 14)
  Rendered layout layouts/application.html.erb (Duration: 2.8ms | Allocations: 1313)
Completed 200 OK in 4ms (Views: 3.2ms | ActiveRecord: 0.0ms | Allocations: 1620)


Started GET "/" for 127.0.0.1 at 2023-12-14 13:35:55 +0100
Processing by HomeController#index as HTML
  Rendering layout layouts/application.html.erb
  Rendering home/index.html.erb within layouts/application
  Rendered home/index.html.erb within layouts/application (Duration: 0.0ms | Allocations: 7)
  Rendered home/_header.html.erb (Duration: 0.0ms | Allocations: 14)
  Rendered layout layouts/application.html.erb (Duration: 2.1ms | Allocations: 1225)
Completed 200 OK in 3ms (Views: 2.5ms | ActiveRecord: 0.0ms | Allocations: 1472)


Started GET "/home/addTask" for 127.0.0.1 at 2023-12-14 13:35:59 +0100
Processing by HomeController#addTask as HTML
  Rendering layout layouts/application.html.erb
  Rendering home/addTask.html.erb within layouts/application
  Rendered home/addTask.html.erb within layouts/application (Duration: 0.0ms | Allocations: 7)
  Rendered home/_header.html.erb (Duration: 0.0ms | Allocations: 14)
  Rendered layout layouts/application.html.erb (Duration: 2.1ms | Allocations: 1198)
Completed 200 OK in 3ms (Views: 2.4ms | ActiveRecord: 0.0ms | Allocations: 1445)


Started GET "/" for 127.0.0.1 at 2023-12-14 13:36:00 +0100
Processing by HomeController#index as HTML
  Rendering layout layouts/application.html.erb
  Rendering home/index.html.erb within layouts/application
  Rendered home/index.html.erb within layouts/application (Duration: 0.0ms | Allocations: 7)
  Rendered home/_header.html.erb (Duration: 0.0ms | Allocations: 14)
  Rendered layout layouts/application.html.erb (Duration: 2.3ms | Allocations: 1210)
Completed 200 OK in 3ms (Views: 2.7ms | ActiveRecord: 0.0ms | Allocations: 1457)


